<?xml version="1.0" encoding="UTF-8"?>
<testsuite xmlns:xsi="http://www.w3.org/2001/XMLSchema-instance" xsi:noNamespaceSchemaLocation="https://maven.apache.org/surefire/maven-surefire-plugin/xsd/surefire-test-report.xsd" version="3.0.2" name="org.acme.GreetingResourceTest" time="8.666" tests="1" errors="0" skipped="0" failures="0">
  <properties>
[...]
</properties>
  <testcase name="testHelloEndpoint" classname="org.acme.GreetingResourceTest" time="1.635">
    <system-out><![CDATA[2024-09-19 16:26:20,109 WARN  [io.qua.qui.dep.QuinoaProcessor] (build-30) Quinoa is disabled by default in tests.
2024-09-19 16:26:23,784 INFO  [io.quarkus] (main) cs320-project-yv 1.0.0-SNAPSHOT on JVM (powered by Quarkus 3.14.4) started in 5.433s. Listening on: http://localhost:8081
2024-09-19 16:26:23,786 INFO  [io.quarkus] (main) Profile test activated. 
2024-09-19 16:26:23,786 INFO  [io.quarkus] (main) Installed features: [cdi, quinoa, resteasy, resteasy-jackson, smallrye-context-propagation, vertx]
]]></system-out>
  </testcase>
</testsuite>